app/build/intermediates/manifest_merge_blame_file/debug/manifest-merger-blame-debug-report.txt
1<?xml version="1.0" encoding="utf-8"?>
2<manifest xmlns:android="http://schemas.android.com/apk/res/android"
3    package="com.englishstudy.app"
4    android:versionCode="1"
5    android:versionName="1.0" >
6
7    <uses-sdk
8        android:minSdkVersion="24"
8-->src/main/AndroidManifest.xml
9        android:targetSdkVersion="30" />
9-->src/main/AndroidManifest.xml
10
11    <uses-permission android:name="android.permission.INTERNET" />
11-->src/main/AndroidManifest.xml:6:5-67
11-->src/main/AndroidManifest.xml:6:22-64
12    <uses-permission android:name="android.permission.RECORD_AUDIO" />
12-->src/main/AndroidManifest.xml:7:5-71
12-->src/main/AndroidManifest.xml:7:22-68
13    <uses-permission android:name="android.permission.WRITE_EXTERNAL_STORAGE" />
13-->src/main/AndroidManifest.xml:8:5-81
13-->src/main/AndroidManifest.xml:8:22-78
14    <uses-permission android:name="android.permission.READ_EXTERNAL_STORAGE" />
14-->src/main/AndroidManifest.xml:9:5-80
14-->src/main/AndroidManifest.xml:9:22-77
15
16    <application
16-->src/main/AndroidManifest.xml:11:5-33:19
17        android:allowBackup="true"
17-->src/main/AndroidManifest.xml:12:9-35
18        android:appComponentFactory="androidx.core.app.CoreComponentFactory"
18-->[androidx.core:core:1.6.0] AndroidManifest.xml:24:18-86
19        android:debuggable="true"
20        android:extractNativeLibs="false"
21        android:fullBackupContent="@xml/backup_rules"
21-->src/main/AndroidManifest.xml:13:9-54
22        android:icon="@android:drawable/ic_menu_edit"
22-->src/main/AndroidManifest.xml:14:9-54
23        android:label="@string/app_name"
23-->src/main/AndroidManifest.xml:15:9-41
24        android:supportsRtl="true"
24-->src/main/AndroidManifest.xml:16:9-35
25        android:theme="@style/Theme.EnglishStudy" >
25-->src/main/AndroidManifest.xml:17:9-50
26        <activity
26-->src/main/AndroidManifest.xml:18:9-26:20
27            android:name="com.englishstudy.app.MainActivity"
27-->src/main/AndroidManifest.xml:19:13-41
28            android:exported="true"
28-->src/main/AndroidManifest.xml:20:13-36
29            android:theme="@style/Theme.EnglishStudy" >
29-->src/main/AndroidManifest.xml:21:13-54
30            <intent-filter>
30-->src/main/AndroidManifest.xml:22:13-25:29
31                <action android:name="android.intent.action.MAIN" />
31-->src/main/AndroidManifest.xml:23:17-69
31-->src/main/AndroidManifest.xml:23:25-66
32
33                <category android:name="android.intent.category.LAUNCHER" />
33-->src/main/AndroidManifest.xml:24:17-77
33-->src/main/AndroidManifest.xml:24:27-74
34            </intent-filter>
35        </activity>
36        <activity
36-->src/main/AndroidManifest.xml:27:9-29:40
37            android:name="com.englishstudy.app.TextReaderActivity"
37-->src/main/AndroidManifest.xml:28:13-47
38            android:exported="false" />
38-->src/main/AndroidManifest.xml:29:13-37
39        <activity
39-->src/main/AndroidManifest.xml:30:9-32:40
40            android:name="com.englishstudy.app.ReadingActivity"
40-->src/main/AndroidManifest.xml:31:13-44
41            android:exported="false" />
41-->src/main/AndroidManifest.xml:32:13-37
42
43        <service
43-->[androidx.room:room-runtime:2.3.0] AndroidManifest.xml:25:9-28:40
44            android:name="androidx.room.MultiInstanceInvalidationService"
44-->[androidx.room:room-runtime:2.3.0] AndroidManifest.xml:26:13-74
45            android:directBootAware="true"
45-->[androidx.room:room-runtime:2.3.0] AndroidManifest.xml:27:13-43
46            android:exported="false" />
46-->[androidx.room:room-runtime:2.3.0] AndroidManifest.xml:28:13-37
47    </application>
48
49</manifest>